c:\users\yaohui\source\repos\mfcapplication3\mfcapplication3\debug\vc142.pdb
c:\users\yaohui\source\repos\mfcapplication3\mfcapplication3\debug\vc142.idb
c:\users\yaohui\source\repos\mfcapplication3\mfcapplication3\debug\mfcapplication3dlg.obj
c:\users\yaohui\source\repos\mfcapplication3\mfcapplication3\debug\mfcapplication3.obj
c:\users\yaohui\source\repos\mfcapplication3\mfcapplication3\debug\systemdlg.obj
c:\users\yaohui\source\repos\mfcapplication3\mfcapplication3\debug\add.obj
c:\users\yaohui\source\repos\mfcapplication3\mfcapplication3\debug\date.obj
c:\users\yaohui\source\repos\mfcapplication3\mfcapplication3\debug\mfcapplication3.pch
c:\users\yaohui\source\repos\mfcapplication3\mfcapplication3\debug\pch.obj
c:\users\yaohui\source\repos\mfcapplication3\mfcapplication3\debug\delete.obj
c:\users\yaohui\source\repos\mfcapplication3\mfcapplication3\debug\jieguo.obj
c:\users\yaohui\source\repos\mfcapplication3\mfcapplication3\debug\find.obj
c:\users\yaohui\source\repos\mfcapplication3\mfcapplication3\debug\xianshi.obj
c:\users\yaohui\source\repos\mfcapplication3\mfcapplication3\debug\edit.obj
c:\users\yaohui\source\repos\mfcapplication3\mfcapplication3\debug\addwh.obj
c:\users\yaohui\source\repos\mfcapplication3\mfcapplication3\debug\addall.obj
c:\users\yaohui\source\repos\mfcapplication3\debug\mfcapplication3.exe
c:\users\yaohui\source\repos\mfcapplication3\debug\mfcapplication3.pdb
c:\users\yaohui\source\repos\mfcapplication3\mfcapplication3\debug\mfcapplication3.res
c:\users\yaohui\source\repos\mfcapplication3\mfcapplication3\debug\mfcapplication3.tlog\cl.command.1.tlog
c:\users\yaohui\source\repos\mfcapplication3\mfcapplication3\debug\mfcapplication3.tlog\cl.read.1.tlog
c:\users\yaohui\source\repos\mfcapplication3\mfcapplication3\debug\mfcapplication3.tlog\cl.write.1.tlog
c:\users\yaohui\source\repos\mfcapplication3\mfcapplication3\debug\mfcapplication3.tlog\link.command.1.tlog
c:\users\yaohui\source\repos\mfcapplication3\mfcapplication3\debug\mfcapplication3.tlog\link.read.1.tlog
c:\users\yaohui\source\repos\mfcapplication3\mfcapplication3\debug\mfcapplication3.tlog\link.write.1.tlog
c:\users\yaohui\source\repos\mfcapplication3\mfcapplication3\debug\mfcapplication3.tlog\rc.command.1.tlog
c:\users\yaohui\source\repos\mfcapplication3\mfcapplication3\debug\mfcapplication3.tlog\rc.read.1.tlog
c:\users\yaohui\source\repos\mfcapplication3\mfcapplication3\debug\mfcapplication3.tlog\rc.write.1.tlog
